<?xml version="1.0" encoding="UTF-8"?>
<!-- Generated by org.testng.reporters.JUnitXMLReporter -->
<testsuite ignored="0" hostname="LAPTOP-PJ026AG2" failures="0" tests="9" name="loandepa" time="0.041" errors="0" timestamp="2023-07-25T08:42:04 IST">
  <testcase classname="Test.day1" name="Demo" time="0.006"/>
  <testcase classname="Test.day1" name="SecondTest" time="0.001"/>
  <testcase classname="Test.day2" name="ploan" time="0.001"/>
  <testcase classname="Test.day3" name="LoginAPIcarloan" time="0.0"/>
  <testcase classname="Test.day3" name="Mobilecarloan" time="0.001"/>
  <testcase classname="Test.day3" name="weblogincarloan" time="0.001"/>
  <testcase classname="Test.day4" name="LoginAPIhomeloan" time="0.0"/>
  <testcase classname="Test.day4" name="Mobilehomeloan" time="0.001"/>
  <testcase classname="Test.day4" name="webloginhomeloan" time="0.001"/>
</testsuite> <!-- loandepa -->
