<?xml version="1.0" encoding="UTF-8"?>
<!-- Generated by org.testng.reporters.JUnitXMLReporter -->
<testsuite ignored="9" hostname="LAPTOP-PJ026AG2" failures="0" tests="0" time="0.004" errors="0" timestamp="2023-07-25T15:42:53 IST">
  <testcase classname="Test.day1" name="Demo" time="0.0">
    <ignored/>
  </testcase> <!-- Demo -->
  <testcase classname="Test.day3" name="weblogincarloan" time="0.0">
    <ignored/>
  </testcase> <!-- weblogincarloan -->
  <testcase classname="Test.day4" name="webloginhomeloan" time="0.0">
    <ignored/>
  </testcase> <!-- webloginhomeloan -->
  <testcase classname="Test.day1" name="SecondTest" time="0.0">
    <ignored/>
  </testcase> <!-- SecondTest -->
  <testcase classname="Test.day3" name="LoginAPIcarloan" time="0.0">
    <ignored/>
  </testcase> <!-- LoginAPIcarloan -->
  <testcase classname="Test.day3" name="Mobilecarloan" time="0.0">
    <ignored/>
  </testcase> <!-- Mobilecarloan -->
  <testcase classname="Test.day4" name="LoginAPIhomeloan" time="0.0">
    <ignored/>
  </testcase> <!-- LoginAPIhomeloan -->
  <testcase classname="Test.day4" name="Mobilehomeloan" time="0.0">
    <ignored/>
  </testcase> <!-- Mobilehomeloan -->
  <testcase classname="Test.day2" name="ploan" time="0.0">
    <ignored/>
  </testcase> <!-- ploan -->
</testsuite>
