<?xml version="1.0" encoding="UTF-8"?>
<testng-results ignored="0" total="6" passed="5" failed="1" skipped="0">
  <reporter-output>
  </reporter-output>
  <suite started-at="2023-07-25T15:52:43 IST" name="loandep" finished-at="2023-07-25T15:52:43 IST" duration-ms="39">
    <groups>
      <group name="{smoke}">
        <method signature="day1.Demo()[pri:0, instance:Test.day1@36c88a32]" name="Demo" class="Test.day1"/>
        <method signature="day2.ploan(java.lang.String)[pri:0, instance:Test.day2@bef2d72]" name="ploan" class="Test.day2"/>
        <method signature="day4.Mobilehomeloan()[pri:0, instance:Test.day4@69b2283a]" name="Mobilehomeloan" class="Test.day4"/>
      </group> <!-- {smoke} -->
    </groups>
    <test started-at="2023-07-25T15:52:43 IST" name="personal loan" finished-at="2023-07-25T15:52:43 IST" duration-ms="39">
      <class name="Test.day1">
        <test-method signature="Demo()[pri:0, instance:Test.day1@36c88a32]" started-at="2023-07-25T15:52:43 IST" name="Demo" finished-at="2023-07-25T15:52:43 IST" duration-ms="3" status="PASS">
          <reporter-output>
          </reporter-output>
        </test-method> <!-- Demo -->
        <test-method signature="SecondTest()[pri:0, instance:Test.day1@36c88a32]" started-at="2023-07-25T15:52:43 IST" name="SecondTest" finished-at="2023-07-25T15:52:43 IST" duration-ms="1" status="PASS">
          <reporter-output>
          </reporter-output>
        </test-method> <!-- SecondTest -->
        <test-method is-config="true" signature="lastex()[pri:0, instance:Test.day1@36c88a32]" started-at="2023-07-25T15:52:43 IST" name="lastex" finished-at="2023-07-25T15:52:43 IST" duration-ms="0" status="PASS">
          <reporter-output>
          </reporter-output>
        </test-method> <!-- lastex -->
      </class> <!-- Test.day1 -->
      <class name="Test.day2">
        <test-method is-config="true" signature="prere()[pri:0, instance:Test.day2@bef2d72]" started-at="2023-07-25T15:52:43 IST" name="prere" finished-at="2023-07-25T15:52:43 IST" duration-ms="4" status="PASS">
          <reporter-output>
          </reporter-output>
        </test-method> <!-- prere -->
        <test-method signature="ploan(java.lang.String)[pri:0, instance:Test.day2@bef2d72]" started-at="2023-07-25T15:52:43 IST" name="ploan" finished-at="2023-07-25T15:52:43 IST" duration-ms="0" status="FAIL">
          <exception class="org.testng.TestNGException">
            <message>
              <![CDATA[
Parameter 'URL' is required by @Test on method ploan but has not been marked @Optional or defined
in D:\Manjula\selenium\eclipse\TESTNG\testng.xml]]>
            </message>
            <full-stacktrace>
              <![CDATA[org.testng.TestNGException: 
Parameter 'URL' is required by @Test on method ploan but has not been marked @Optional or defined
in D:\Manjula\selenium\eclipse\TESTNG\testng.xml
at org.testng.internal.Parameters.createParams(Parameters.java:270)
at org.testng.internal.Parameters.createParametersForMethod(Parameters.java:358)
at org.testng.internal.Parameters.createParameters(Parameters.java:700)
at org.testng.internal.Parameters.handleParameters(Parameters.java:884)
at org.testng.internal.Parameters.handleParameters(Parameters.java:740)
at org.testng.internal.ParameterHandler.handleParameters(ParameterHandler.java:59)
at org.testng.internal.ParameterHandler.createParameters(ParameterHandler.java:38)
at org.testng.internal.TestInvoker$MethodInvocationAgent.invoke(TestInvoker.java:791)
at org.testng.internal.TestInvoker.invokeTestMethods(TestInvoker.java:146)
at org.testng.internal.TestMethodWorker.invokeTestMethods(TestMethodWorker.java:146)
at org.testng.internal.TestMethodWorker.run(TestMethodWorker.java:128)
at java.base/java.util.ArrayList.forEach(ArrayList.java:1511)
at org.testng.TestRunner.privateRun(TestRunner.java:794)
at org.testng.TestRunner.run(TestRunner.java:596)
at org.testng.SuiteRunner.runTest(SuiteRunner.java:377)
at org.testng.SuiteRunner.runSequentially(SuiteRunner.java:371)
at org.testng.SuiteRunner.privateRun(SuiteRunner.java:332)
at org.testng.SuiteRunner.run(SuiteRunner.java:276)
at org.testng.SuiteRunnerWorker.runSuite(SuiteRunnerWorker.java:53)
at org.testng.SuiteRunnerWorker.run(SuiteRunnerWorker.java:96)
at org.testng.TestNG.runSuitesSequentially(TestNG.java:1212)
at org.testng.TestNG.runSuitesLocally(TestNG.java:1134)
at org.testng.TestNG.runSuites(TestNG.java:1063)
at org.testng.TestNG.run(TestNG.java:1031)
at org.testng.remote.AbstractRemoteTestNG.run(AbstractRemoteTestNG.java:115)
at org.testng.remote.RemoteTestNG.initAndRun(RemoteTestNG.java:251)
at org.testng.remote.RemoteTestNG.main(RemoteTestNG.java:77)
]]>
            </full-stacktrace>
          </exception> <!-- org.testng.TestNGException -->
          <reporter-output>
          </reporter-output>
        </test-method> <!-- ploan -->
      </class> <!-- Test.day2 -->
      <class name="Test.day4">
        <test-method signature="LoginAPIhomeloan()[pri:0, instance:Test.day4@69b2283a]" started-at="2023-07-25T15:52:43 IST" name="LoginAPIhomeloan" finished-at="2023-07-25T15:52:43 IST" duration-ms="1" status="PASS">
          <reporter-output>
          </reporter-output>
        </test-method> <!-- LoginAPIhomeloan -->
        <test-method signature="Mobilehomeloan()[pri:0, instance:Test.day4@69b2283a]" started-at="2023-07-25T15:52:43 IST" name="Mobilehomeloan" finished-at="2023-07-25T15:52:43 IST" duration-ms="0" status="PASS">
          <reporter-output>
          </reporter-output>
        </test-method> <!-- Mobilehomeloan -->
        <test-method signature="webloginhomeloan()[pri:0, instance:Test.day4@69b2283a]" started-at="2023-07-25T15:52:43 IST" name="webloginhomeloan" finished-at="2023-07-25T15:52:43 IST" duration-ms="0" status="PASS">
          <reporter-output>
          </reporter-output>
        </test-method> <!-- webloginhomeloan -->
      </class> <!-- Test.day4 -->
    </test> <!-- personal loan -->
  </suite> <!-- loandep -->
</testng-results>
